c:\users\root\source\repos\xd\xd\release\vc141.pdb
c:\users\root\source\repos\xd\xd\release\walec.obj
c:\users\root\source\repos\xd\xd\release\prostopadloscian.obj
c:\users\root\source\repos\xd\xd\release\podloze.obj
c:\users\root\source\repos\xd\xd\release\object.obj
c:\users\root\source\repos\xd\xd\release\main.obj
c:\users\root\source\repos\xd\xd\release\lazik.obj
c:\users\root\source\repos\xd\xd\release\grid.obj
c:\users\root\source\repos\xd\xd\release\camera.obj
c:\users\root\source\repos\xd\release\xd.exe
c:\users\root\source\repos\xd\release\xd.pdb
c:\users\root\source\repos\xd\release\xd.ipdb
c:\users\root\source\repos\xd\release\xd.iobj
c:\users\root\source\repos\xd\xd\release\xd.tlog\cl.command.1.tlog
c:\users\root\source\repos\xd\xd\release\xd.tlog\cl.read.1.tlog
c:\users\root\source\repos\xd\xd\release\xd.tlog\cl.write.1.tlog
c:\users\root\source\repos\xd\xd\release\xd.tlog\link.command.1.tlog
c:\users\root\source\repos\xd\xd\release\xd.tlog\link.read.1.tlog
c:\users\root\source\repos\xd\xd\release\xd.tlog\link.write.1.tlog
c:\users\root\source\repos\xd\xd\release\xd.tlog\xd.write.1u.tlog
