  main.cpp
c:\users\root\source\repos\xd\xd\prostopadloscian.h(33): warning C4305: 'initializing': truncation from 'double' to 'GLfloat'
c:\users\root\source\repos\xd\xd\podloze.h(31): warning C4305: 'initializing': truncation from 'double' to 'GLfloat'
c:\users\root\source\repos\xd\xd\camera.h(18): warning C4305: 'initializing': truncation from 'double' to 'float'
c:\users\root\source\repos\xd\xd\camera.h(23): warning C4305: 'initializing': truncation from 'double' to 'float'
c:\users\root\source\repos\xd\xd\obj_loader.h(653): warning C4018: '<': signed/unsigned mismatch
c:\users\root\source\repos\xd\xd\obj_loader.h(690): warning C4018: '<': signed/unsigned mismatch
c:\users\root\source\repos\xd\xd\obj_loader.h(696): warning C4018: '<': signed/unsigned mismatch
c:\users\root\source\repos\xd\xd\obj_loader.h(950): warning C4244: 'initializing': conversion from 'double' to 'float', possible loss of data
c:\users\root\source\repos\xd\xd\main.cpp(158): warning C4305: 'initializing': truncation from 'double' to 'GLfloat'
c:\users\root\source\repos\xd\xd\main.cpp(159): warning C4305: 'initializing': truncation from 'double' to 'GLfloat'
c:\users\root\source\repos\xd\xd\main.cpp(392): warning C4244: 'argument': conversion from 'GLdouble' to 'GLfloat', possible loss of data
c:\users\root\source\repos\xd\xd\main.cpp(393): warning C4244: 'argument': conversion from 'GLdouble' to 'GLfloat', possible loss of data
c:\users\root\source\repos\xd\xd\main.cpp(394): warning C4244: 'argument': conversion from 'GLdouble' to 'GLfloat', possible loss of data
c:\users\root\source\repos\xd\xd\main.cpp(400): warning C4244: 'argument': conversion from 'GLdouble' to 'GLfloat', possible loss of data
c:\users\root\source\repos\xd\xd\main.cpp(409): warning C4244: 'argument': conversion from 'time_t' to 'unsigned int', possible loss of data
c:\users\root\source\repos\xd\xd\main.cpp(459): warning C4244: '=': conversion from 'int' to 'float', possible loss of data
c:\users\root\source\repos\xd\xd\main.cpp(460): warning C4244: '=': conversion from 'int' to 'float', possible loss of data
c:\users\root\source\repos\xd\xd\main.cpp(462): warning C4244: '=': conversion from 'int' to 'float', possible loss of data
c:\users\root\source\repos\xd\xd\main.cpp(463): warning C4244: '=': conversion from 'int' to 'float', possible loss of data
c:\users\root\source\repos\xd\xd\main.cpp(465): warning C4244: '=': conversion from 'int' to 'float', possible loss of data
c:\users\root\source\repos\xd\xd\main.cpp(466): warning C4244: '=': conversion from 'int' to 'float', possible loss of data
c:\users\root\source\repos\xd\xd\main.cpp(468): warning C4244: '=': conversion from 'int' to 'float', possible loss of data
c:\users\root\source\repos\xd\xd\main.cpp(469): warning C4244: '=': conversion from 'int' to 'float', possible loss of data
c:\users\root\source\repos\xd\xd\main.cpp(471): warning C4244: '=': conversion from 'int' to 'float', possible loss of data
c:\users\root\source\repos\xd\xd\main.cpp(472): warning C4244: '=': conversion from 'int' to 'float', possible loss of data
c:\users\root\source\repos\xd\xd\main.cpp(871): warning C4244: '=': conversion from 'int' to 'GLfloat', possible loss of data
c:\users\root\source\repos\xd\xd\main.cpp(872): warning C4244: '=': conversion from 'int' to 'GLfloat', possible loss of data
c:\users\root\source\repos\xd\xd\main.cpp(873): warning C4244: '=': conversion from 'int' to 'GLfloat', possible loss of data
c:\users\root\source\repos\xd\xd\main.cpp(939): warning C4101: 'i': unreferenced local variable
c:\users\root\source\repos\xd\xd\main.cpp(940): warning C4101: 'glError': unreferenced local variable
LINK : warning LNK4075: ignoring '/INCREMENTAL' due to '/LTCG' specification
  Generating code
  2 of 1066 functions ( 0.2%) were compiled, the rest were copied from previous compilation.
    0 functions were new in current compilation
    1 functions had inline decision re-evaluated but remain unchanged
  Finished generating code
  XD.vcxproj -> C:\Users\root\source\repos\XD\Release\XD.exe
